{
  "RSpec": {
    "coverage": {
      "/home/grimme/fidor/context_request_subscriber/lib/context_request_subscriber.rb": [
        null,
        null,
        1,
        1,
        1,
        1,
        1,
        null,
        null,
        null,
        null,
        1,
        1,
        1,
        1,
        null,
        1,
        1,
        null,
        1,
        1,
        null,
        null,
        1,
        null,
        null,
        1,
        null,
        null,
        1,
        null,
        null,
        1,
        null,
        null,
        null,
        2,
        null,
        null,
        2,
        null,
        null,
        1,
        null,
        null,
        1,
        null,
        null,
        null,
        1,
        1,
        null,
        null,
        1,
        1,
        null,
        null
      ],
      "/home/grimme/fidor/context_request_subscriber/lib/context_request_subscriber/processor.rb": [
        null,
        null,
        1,
        null,
        1,
        1,
        1,
        1,
        null,
        1,
        null,
        1,
        5,
        4,
        null,
        1,
        null,
        1,
        null,
        null,
        1,
        4,
        4,
        3,
        null,
        1,
        null,
        null,
        null,
        null,
        1,
        4,
        4,
        null,
        null,
        1,
        null,
        null,
        null
      ],
      "/home/grimme/fidor/context_request_subscriber/lib/context_request_subscriber/error_handler.rb": [
        null,
        null,
        1,
        1,
        null,
        1,
        1,
        3,
        null,
        null,
        1,
        2,
        null,
        null,
        null,
        null,
        null,
        1,
        1,
        1,
        1,
        null,
        null,
        null,
        null
      ],
      "/home/grimme/fidor/context_request_subscriber/lib/context_request_subscriber/rabbitmq_subscriber.rb": [
        null,
        null,
        1,
        null,
        1,
        null,
        null,
        null,
        null,
        null,
        null,
        null,
        null,
        null,
        null,
        null,
        null,
        1,
        1,
        null,
        null,
        1,
        null,
        null,
        null,
        null,
        null,
        null,
        null,
        null,
        null,
        null,
        null,
        null,
        null,
        null,
        null,
        null,
        1,
        4,
        4,
        4,
        4,
        4,
        4,
        4,
        null,
        null,
        1,
        4,
        2,
        2,
        null,
        2,
        null,
        null,
        null,
        1,
        null,
        1,
        2,
        1,
        null,
        1,
        null,
        null,
        1,
        4,
        4,
        null,
        4,
        4,
        4,
        2,
        null,
        2,
        null,
        null,
        1,
        2,
        2,
        2,
        null,
        null,
        1,
        1,
        null,
        null,
        1,
        4,
        4,
        1,
        null,
        4,
        null,
        null,
        null
      ],
      "/home/grimme/fidor/context_request_subscriber/lib/context_request_subscriber/processor/base.rb": [
        null,
        null,
        1,
        1,
        null,
        1,
        1,
        4,
        2,
        null,
        2,
        null,
        null,
        null,
        null,
        1,
        null,
        1,
        6,
        null,
        null,
        null,
        null
      ],
      "/home/grimme/fidor/context_request_subscriber/lib/context_request_subscriber/processor/context.rb": [
        null,
        null,
        1,
        1,
        1,
        null,
        null,
        null
      ],
      "/home/grimme/fidor/context_request_subscriber/lib/context_request_subscriber/processor/request.rb": [
        null,
        null,
        1,
        1,
        1,
        null,
        null,
        null
      ]
    },
    "timestamp": 1568373445
  }
}
