{
  "RSpec": {
    "coverage": {
      "/home/travis/build/MarcGrimme/context-request-subscriber/lib/context_request_subscriber.rb": [
        null,
        null,
        1,
        1,
        1,
        1,
        1,
        1,
        1,
        null,
        null,
        null,
        null,
        1,
        1,
        1,
        1,
        null,
        1,
        1,
        null,
        1,
        1,
        null,
        null,
        1,
        null,
        null,
        1,
        null,
        null,
        1,
        null,
        null,
        null,
        1,
        null,
        null,
        2,
        null,
        null,
        null,
        null,
        1,
        1,
        null,
        null,
        null,
        null,
        null,
        1,
        null,
        null,
        2,
        null,
        null,
        1,
        null,
        null,
        1,
        null,
        null,
        null,
        1,
        1,
        null,
        null,
        null,
        null,
        null,
        2,
        null,
        2,
        null,
        1,
        1,
        1,
        null,
        null
      ],
      "/home/travis/build/MarcGrimme/context-request-subscriber/lib/context_request_subscriber/handler.rb": [
        null,
        null,
        1,
        null,
        null,
        1,
        null
      ],
      "/home/travis/build/MarcGrimme/context-request-subscriber/lib/context_request_subscriber/handler/json_api_handler.rb": [
        null,
        null,
        1,
        null,
        1,
        1,
        1,
        null,
        1,
        1,
        2,
        2,
        2,
        null,
        null,
        1,
        1,
        1,
        null,
        null,
        null,
        null,
        null,
        1,
        null,
        null,
        1,
        null,
        null,
        null
      ],
      "/home/travis/build/MarcGrimme/context-request-subscriber/lib/context_request_subscriber/processor.rb": [
        null,
        null,
        1,
        null,
        1,
        1,
        1,
        1,
        null,
        null,
        null,
        null,
        1,
        1,
        null,
        1,
        8,
        8,
        null,
        null,
        1,
        8,
        8,
        8,
        8,
        7,
        null,
        null,
        1,
        null,
        1,
        null,
        null,
        1,
        7,
        null,
        7,
        6,
        null,
        1,
        null,
        null,
        null,
        null,
        null,
        null,
        null,
        1,
        null,
        null,
        1,
        7,
        null,
        7,
        null,
        1,
        null,
        null,
        null
      ],
      "/home/travis/build/MarcGrimme/context-request-subscriber/lib/context_request_subscriber/error_handler.rb": [
        null,
        null,
        1,
        1,
        null,
        1,
        1,
        7,
        null,
        null,
        1,
        3,
        null,
        3,
        null,
        null,
        null,
        null,
        1,
        1,
        2,
        2,
        null,
        null,
        null,
        null
      ],
      "/home/travis/build/MarcGrimme/context-request-subscriber/lib/context_request_subscriber/rabbitmq_subscriber.rb": [
        null,
        null,
        1,
        null,
        1,
        null,
        null,
        null,
        null,
        null,
        null,
        null,
        null,
        null,
        null,
        null,
        null,
        1,
        1,
        null,
        null,
        null,
        1,
        null,
        null,
        null,
        null,
        null,
        null,
        null,
        null,
        null,
        null,
        null,
        null,
        null,
        null,
        null,
        null,
        null,
        null,
        null,
        1,
        5,
        5,
        5,
        null,
        5,
        null,
        5,
        5,
        null,
        null,
        1,
        5,
        5,
        null,
        5,
        null,
        4,
        null,
        null,
        1,
        4,
        null,
        null,
        1,
        null,
        1,
        5,
        null,
        5,
        null,
        null,
        1,
        5,
        5,
        5,
        null,
        null,
        1,
        5,
        5,
        null,
        5,
        5,
        null,
        null,
        null,
        null,
        1,
        5,
        5,
        1,
        null,
        4,
        4,
        null,
        4,
        null,
        5,
        null,
        null,
        null,
        null,
        null,
        null,
        null,
        null,
        1,
        5,
        4,
        null,
        1,
        null,
        null,
        1,
        4,
        4,
        null,
        4,
        null,
        null,
        null,
        1,
        4,
        null,
        null,
        null,
        1,
        4,
        4,
        4,
        null,
        null,
        1,
        1,
        null,
        null,
        1,
        1,
        null,
        null,
        1,
        5,
        5,
        5,
        null,
        5,
        null,
        null,
        null
      ],
      "/home/travis/build/MarcGrimme/context-request-subscriber/lib/context_request_subscriber/processor/base.rb": [
        null,
        null,
        1,
        1,
        null,
        1,
        1,
        8,
        8,
        null,
        null,
        1,
        7,
        2,
        null,
        5,
        null,
        null,
        null,
        null,
        1,
        null,
        1,
        12,
        null,
        null,
        null,
        null
      ],
      "/home/travis/build/MarcGrimme/context-request-subscriber/lib/context_request_subscriber/processor/context.rb": [
        null,
        null,
        1,
        1,
        1,
        null,
        null,
        null
      ],
      "/home/travis/build/MarcGrimme/context-request-subscriber/lib/context_request_subscriber/processor/request.rb": [
        null,
        null,
        1,
        1,
        1,
        null,
        null,
        null
      ]
    },
    "timestamp": 1569571001
  }
}
